/home/kazeka/dlt_test/env/lib/python3.10/site-packages/dlt/common/configuration/specs/base_configuration.py:234: UserWarning: You indicated connection_url to be dlt.secrets.value but type hint is not a secret
  warnings.warn(
---------------------------- Extract loading_stores ----------------------------
Resources: 1/1 (100.0%) | Time: 0.42s | Rate: 2.38/s
stores: 1  | Time: 0.01s | Rate: 73.63/s
Memory usage: 149.25 MB (50.20%) | CPU usage: 0.00%

---------------- Normalize loading_stores in 1727185653.895981 -----------------
Files: 5/1 (500.0%) | Time: 0.32s | Rate: 15.79/s
Items: 21  | Time: 0.32s | Rate: 66.32/s
Memory usage: 149.87 MB (50.20%) | CPU usage: 0.00%

------------------- Load loading_stores in 1727185653.895981 -------------------
Jobs: 5/5 (100.0%) | Time: 0.00s | Rate: 1105.51/s
Memory usage: 150.50 MB (50.10%) | CPU usage: 0.00%

------------------- Load loading_stores in 1727185653.895981 -------------------
Jobs: 6/6 (100.0%) | Time: 0.00s | Rate: 9446.63/s
Memory usage: 150.50 MB (50.20%) | CPU usage: 0.00%

------------------- Load loading_stores in 1727185653.895981 -------------------
Memory usage: 150.50 MB (50.20%) | CPU usage: 0.00%

Pipeline LOADING STORES load step completed in 0.46 seconds
1 load package(s) were loaded to destination postgres and into dataset public
The postgres destination used postgresql://postgres:***@localhost:5432/final_test location to store data
Load package 1727185653.895981 is LOADED and contains no failed jobs
------------------------------- Extract mongodb --------------------------------
Resources: 0/1 (0.0%) | Time: 1.04s | Rate: 0.00/s
sales: 10000  | Time: 0.00s | Rate: 911805217.39/s
Memory usage: 312.25 MB (51.30%) | CPU usage: 0.00%

------------------------------- Extract mongodb --------------------------------
Resources: 0/1 (0.0%) | Time: 2.44s | Rate: 0.00/s
sales: 40000  | Time: 1.40s | Rate: 28500.47/s
Memory usage: 225.27 MB (51.00%) | CPU usage: 0.00%

------------------------------- Extract mongodb --------------------------------
Resources: 1/1 (100.0%) | Time: 2.98s | Rate: 0.34/s
sales: 49239  | Time: 1.94s | Rate: 25329.57/s
Memory usage: 201.01 MB (51.10%) | CPU usage: 0.00%

------------------------------- Extract mongodb --------------------------------
Resources: 1/1 (100.0%) | Time: 0.01s | Rate: 67.53/s
_dlt_pipeline_state: 1  | Time: 0.01s | Rate: 85.00/s
Memory usage: 181.01 MB (50.90%) | CPU usage: 0.00%

------------------- Normalize mongodb in 1727185655.6261535 --------------------
Files: 3/2 (150.0%) | Time: 8.63s | Rate: 0.35/s
Items: 0  | Time: 8.63s | Rate: 0.00/s
Memory usage: 209.93 MB (50.40%) | CPU usage: 0.00%

------------------- Normalize mongodb in 1727185655.6261535 --------------------
Files: 3/2 (150.0%) | Time: 8.63s | Rate: 0.35/s
Items: 130336  | Time: 8.63s | Rate: 15094.18/s
Memory usage: 209.93 MB (50.40%) | CPU usage: 0.00%

---------------------- Load mongodb in 1727185655.6261535 ----------------------
Jobs: 0/3 (0.0%) | Time: 0.00s | Rate: 0.00/s
Memory usage: 210.92 MB (51.00%) | CPU usage: 0.00%

---------------------- Load mongodb in 1727185655.6261535 ----------------------
Jobs: 3/3 (100.0%) | Time: 0.01s | Rate: 558.17/s
Memory usage: 210.92 MB (51.00%) | CPU usage: 0.00%

---------------------- Load mongodb in 1727185655.6261535 ----------------------
Memory usage: 210.92 MB (51.00%) | CPU usage: 0.00%

Pipeline LOADING SALES load step completed in 1.55 seconds
1 load package(s) were loaded to destination postgres and into dataset public
The postgres destination used postgresql://postgres:***@localhost:5432/final_test location to store data
Load package 1727185655.6261535 is LOADED and contains no failed jobs
------------------------------- Extract mongodb --------------------------------
Resources: 3/3 (100.0%) | Time: 0.02s | Rate: 133.98/s
employees: 5  | Time: 0.02s | Rate: 262.67/s
payment_methods: 8  | Time: 0.02s | Rate: 499.52/s
products: 33  | Time: 0.01s | Rate: 2765.31/s
Memory usage: 210.92 MB (51.00%) | CPU usage: 0.00%

------------------- Normalize mongodb in 1727185669.4034107 --------------------
Files: 3/3 (100.0%) | Time: 0.32s | Rate: 9.44/s
Items: 46  | Time: 0.32s | Rate: 144.68/s
Memory usage: 210.92 MB (51.00%) | CPU usage: 0.00%

---------------------- Load mongodb in 1727185669.4034107 ----------------------
Jobs: 3/3 (100.0%) | Time: 0.00s | Rate: 901.87/s
Memory usage: 211.42 MB (50.80%) | CPU usage: 0.00%

---------------------- Load mongodb in 1727185669.4034107 ----------------------
Jobs: 6/6 (100.0%) | Time: 0.00s | Rate: 6313.55/s
Memory usage: 211.42 MB (50.80%) | CPU usage: 0.00%

---------------------- Load mongodb in 1727185669.4034107 ----------------------
Memory usage: 211.42 MB (50.80%) | CPU usage: 0.00%

Pipeline LOADING PRODUCTS_PROMOTIONS_PAYMENTMETHODS_EMPLOYEES load step completed in 0.46 seconds
1 load package(s) were loaded to destination postgres and into dataset public
The postgres destination used postgresql://postgres:***@localhost:5432/final_test location to store data
Load package 1727185669.4034107 is LOADED and contains no failed jobs
